SELECT * From quest WHERE experience > 3000; #09:20:24@rubyquest.db
SELECT * From person WHERE experience > 1800; #09:23:11@rubyquest.db
SELECT * From person WHERE experience < 1850
; #09:23:50@rubyquest.db
SELECT * From person WHERE experience < 1850
; #09:24:17@rubyquest.db
SELECT * From person WHERE experience <= 1300
; #09:25:09@rubyquest.db
SELECT * From weapon WHERE price <= 300

; #09:28:22@rubyquest.db
SELECT * From person WHERE experience >= 1300
; #09:29:48@rubyquest.db
SELECT name From creature where health<max_health; #09:33:56@rubyquest.db
SELECT * From quest WHERE gold>= experience; #09:37:00@rubyquest.db
SELECT * From animal where type !='Sheep'; #09:43:30@rubyquest.db
SELECT * From city order by name DESC; #09:58:59@rubyquest.db
SELECT * From weapon order by price DESC LIMIT 5; #10:03:11@rubyquest.db
SELECT * From weapon order by attack DESC LIMIT 5 ; #10:04:31@rubyquest.db
SELECT * FROM animal; #10:24:14@rubyquest.db
SELECT * FROM city; #10:24:23@rubyquest.db
SELECT * FROM city
ORDER BY name DESC;
; #10:24:39@rubyquest.db
SELECT * FROM person
LIMIT 10;; #10:26:59@rubyquest.db
SELECT DISTINCT profession FROM npc;
; #10:46:08@rubyquest.db
